# JRE version: OpenJDK Runtime Environment Temurin-21.0.5+11 (21.0.5+11) (build 21.0.5+11-LTS)
# Java VM: OpenJDK 64-Bit Server VM Temurin-21.0.5+11 (21.0.5+11-LTS, mixed mode, sharing, tiered, compressed oops, compressed class ptrs, parallel gc, windows-amd64)
GC Precious Log:
 CardTable entry size: 512
 CPUs: 8 total, 8 available
 Memory: 16027M
 Large Page Support: Disabled
 NUMA Support: Disabled
 Compressed Oops: Enabled (32-bit)
 Alignments: Space 512K, Generation 512K, Heap 2M
 Heap Min Capacity: 100M
 Heap Initial Capacity: 100M
 Heap Max Capacity: 1G
 Pre-touch: Disabled
 Parallel Workers: 8
Heap:
 PSYoungGen      total 2560K, used 2524K [0x00000000eab00000, 0x00000000eaf00000, 0x0000000100000000)
  eden space 2048K, 100% used [0x00000000eab00000,0x00000000ead00000,0x00000000ead00000)
  from space 512K, 93% used [0x00000000eae00000,0x00000000eae77128,0x00000000eae80000)
  to   space 512K, 75% used [0x00000000eae80000,0x00000000eaee0000,0x00000000eaf00000)
 ParOldGen       total 231424K, used 231018K [0x00000000c0000000, 0x00000000ce200000, 0x00000000eab00000)
  object space 231424K, 99% used [0x00000000c0000000,0x00000000ce19aa88,0x00000000ce200000)
 Metaspace       used 64113K, committed 65472K, reserved 1114112K
  class space    used 7235K, committed 7808K, reserved 1048576K
GC Heap History (20 events):
Event: 16.886 GC heap after
{Heap after GC invocations=238 (full 3):
 PSYoungGen      total 2560K, used 504K [0x00000000eab00000, 0x00000000eb000000, 0x0000000100000000)
  eden space 2048K, 0% used [0x00000000eab00000,0x00000000eab00000,0x00000000ead00000)
  from space 512K, 98% used [0x00000000ead80000,0x00000000eadfe008,0x00000000eae00000)
  to   space 1536K, 0% used [0x00000000eae80000,0x00000000eae80000,0x00000000eb000000)
 ParOldGen       total 228352K, used 227939K [0x00000000c0000000, 0x00000000cdf00000, 0x00000000eab00000)
  object space 228352K, 99% used [0x00000000c0000000,0x00000000cde98e40,0x00000000cdf00000)
 Metaspace       used 64113K, committed 65472K, reserved 1114112K
  class space    used 7235K, committed 7808K, reserved 1048576K
}
Event: 16.891 GC heap before
{Heap before GC invocations=239 (full 3):
 PSYoungGen      total 2560K, used 2552K [0x00000000eab00000, 0x00000000eb000000, 0x0000000100000000)
  eden space 2048K, 100% used [0x00000000eab00000,0x00000000ead00000,0x00000000ead00000)
  from space 512K, 98% used [0x00000000ead80000,0x00000000eadfe008,0x00000000eae00000)
  to   space 1536K, 0% used [0x00000000eae80000,0x00000000eae80000,0x00000000eb000000)
 ParOldGen       total 228352K, used 227939K [0x00000000c0000000, 0x00000000cdf00000, 0x00000000eab00000)
  object space 228352K, 99% used [0x00000000c0000000,0x00000000cde98e40,0x00000000cdf00000)
 Metaspace       used 64113K, committed 65472K, reserved 1114112K
  class space    used 7235K, committed 7808K, reserved 1048576K
}
Event: 16.892 GC heap after
{Heap after GC invocations=239 (full 3):
 PSYoungGen      total 2560K, used 416K [0x00000000eab00000, 0x00000000eaf00000, 0x0000000100000000)
  eden space 2048K, 0% used [0x00000000eab00000,0x00000000eab00000,0x00000000ead00000)
  from space 512K, 81% used [0x00000000eae80000,0x00000000eaee8000,0x00000000eaf00000)
  to   space 1024K, 0% used [0x00000000ead00000,0x00000000ead00000,0x00000000eae00000)
 ParOldGen       total 228352K, used 228346K [0x00000000c0000000, 0x00000000cdf00000, 0x00000000eab00000)
  object space 228352K, 99% used [0x00000000c0000000,0x00000000cdefea48,0x00000000cdf00000)
 Metaspace       used 64113K, committed 65472K, reserved 1114112K
  class space    used 7235K, committed 7808K, reserved 1048576K
}
Event: 16.898 GC heap before
{Heap before GC invocations=240 (full 3):
 PSYoungGen      total 2560K, used 2452K [0x00000000eab00000, 0x00000000eaf00000, 0x0000000100000000)
  eden space 2048K, 99% used [0x00000000eab00000,0x00000000eacfd050,0x00000000ead00000)
  from space 512K, 81% used [0x00000000eae80000,0x00000000eaee8000,0x00000000eaf00000)
  to   space 1024K, 0% used [0x00000000ead00000,0x00000000ead00000,0x00000000eae00000)
 ParOldGen       total 228352K, used 228346K [0x00000000c0000000, 0x00000000cdf00000, 0x00000000eab00000)
  object space 228352K, 99% used [0x00000000c0000000,0x00000000cdefea48,0x00000000cdf00000)
 Metaspace       used 64113K, committed 65472K, reserved 1114112K
  class space    used 7235K, committed 7808K, reserved 1048576K
}
Event: 16.899 GC heap after
{Heap after GC invocations=240 (full 3):
 PSYoungGen      total 3072K, used 480K [0x00000000eab00000, 0x00000000eaf00000, 0x0000000100000000)
  eden space 2048K, 0% used [0x00000000eab00000,0x00000000eab00000,0x00000000ead00000)
  from space 1024K, 46% used [0x00000000ead00000,0x00000000ead78000,0x00000000eae00000)
  to   space 512K, 0% used [0x00000000eae80000,0x00000000eae80000,0x00000000eaf00000)
 ParOldGen       total 228864K, used 228698K [0x00000000c0000000, 0x00000000cdf80000, 0x00000000eab00000)
  object space 228864K, 99% used [0x00000000c0000000,0x00000000cdf56898,0x00000000cdf80000)
 Metaspace       used 64113K, committed 65472K, reserved 1114112K
  class space    used 7235K, committed 7808K, reserved 1048576K
}
Event: 16.905 GC heap before
{Heap before GC invocations=241 (full 3):
 PSYoungGen      total 3072K, used 2528K [0x00000000eab00000, 0x00000000eaf00000, 0x0000000100000000)
  eden space 2048K, 100% used [0x00000000eab00000,0x00000000ead00000,0x00000000ead00000)
  from space 1024K, 46% used [0x00000000ead00000,0x00000000ead78000,0x00000000eae00000)
  to   space 512K, 0% used [0x00000000eae80000,0x00000000eae80000,0x00000000eaf00000)
 ParOldGen       total 228864K, used 228698K [0x00000000c0000000, 0x00000000cdf80000, 0x00000000eab00000)
  object space 228864K, 99% used [0x00000000c0000000,0x00000000cdf56898,0x00000000cdf80000)
 Metaspace       used 64113K, committed 65472K, reserved 1114112K
  class space    used 7235K, committed 7808K, reserved 1048576K
}
Event: 16.906 GC heap after
{Heap after GC invocations=241 (full 3):
 PSYoungGen      total 2560K, used 448K [0x00000000eab00000, 0x00000000eaf00000, 0x0000000100000000)
  eden space 2048K, 0% used [0x00000000eab00000,0x00000000eab00000,0x00000000ead00000)
  from space 512K, 87% used [0x00000000eae80000,0x00000000eaef0000,0x00000000eaf00000)
  to   space 512K, 0% used [0x00000000eae00000,0x00000000eae00000,0x00000000eae80000)
 ParOldGen       total 229376K, used 229029K [0x00000000c0000000, 0x00000000ce000000, 0x00000000eab00000)
  object space 229376K, 99% used [0x00000000c0000000,0x00000000cdfa97c0,0x00000000ce000000)
 Metaspace       used 64113K, committed 65472K, reserved 1114112K
  class space    used 7235K, committed 7808K, reserved 1048576K
}
Event: 16.918 GC heap before
{Heap before GC invocations=242 (full 3):
 PSYoungGen      total 2560K, used 2496K [0x00000000eab00000, 0x00000000eaf00000, 0x0000000100000000)
  eden space 2048K, 100% used [0x00000000eab00000,0x00000000ead00000,0x00000000ead00000)
  from space 512K, 87% used [0x00000000eae80000,0x00000000eaef0000,0x00000000eaf00000)
  to   space 512K, 0% used [0x00000000eae00000,0x00000000eae00000,0x00000000eae80000)
 ParOldGen       total 229376K, used 229029K [0x00000000c0000000, 0x00000000ce000000, 0x00000000eab00000)
  object space 229376K, 99% used [0x00000000c0000000,0x00000000cdfa97c0,0x00000000ce000000)
 Metaspace       used 64113K, committed 65472K, reserved 1114112K
  class space    used 7235K, committed 7808K, reserved 1048576K
}
Event: 16.919 GC heap after
{Heap after GC invocations=242 (full 3):
 PSYoungGen      total 2560K, used 448K [0x00000000eab00000, 0x00000000eaf00000, 0x0000000100000000)
  eden space 2048K, 0% used [0x00000000eab00000,0x00000000eab00000,0x00000000ead00000)
  from space 512K, 87% used [0x00000000eae00000,0x00000000eae70000,0x00000000eae80000)
  to   space 512K, 0% used [0x00000000eae80000,0x00000000eae80000,0x00000000eaf00000)
 ParOldGen       total 229888K, used 229384K [0x00000000c0000000, 0x00000000ce080000, 0x00000000eab00000)
  object space 229888K, 99% used [0x00000000c0000000,0x00000000ce002300,0x00000000ce080000)
 Metaspace       used 64113K, committed 65472K, reserved 1114112K
  class space    used 7235K, committed 7808K, reserved 1048576K
}
Event: 16.925 GC heap before
{Heap before GC invocations=243 (full 3):
 PSYoungGen      total 2560K, used 2453K [0x00000000eab00000, 0x00000000eaf00000, 0x0000000100000000)
  eden space 2048K, 97% used [0x00000000eab00000,0x00000000eacf54f8,0x00000000ead00000)
  from space 512K, 87% used [0x00000000eae00000,0x00000000eae70000,0x00000000eae80000)
  to   space 512K, 0% used [0x00000000eae80000,0x00000000eae80000,0x00000000eaf00000)
 ParOldGen       total 229888K, used 229384K [0x00000000c0000000, 0x00000000ce080000, 0x00000000eab00000)
  object space 229888K, 99% used [0x00000000c0000000,0x00000000ce002300,0x00000000ce080000)
 Metaspace       used 64113K, committed 65472K, reserved 1114112K
  class space    used 7235K, committed 7808K, reserved 1048576K
}
Event: 16.926 GC heap after
{Heap after GC invocations=243 (full 3):
 PSYoungGen      total 2560K, used 384K [0x00000000eab00000, 0x00000000eaf00000, 0x0000000100000000)
  eden space 2048K, 0% used [0x00000000eab00000,0x00000000eab00000,0x00000000ead00000)
  from space 512K, 75% used [0x00000000eae80000,0x00000000eaee0000,0x00000000eaf00000)
  to   space 512K, 0% used [0x00000000eae00000,0x00000000eae00000,0x00000000eae80000)
 ParOldGen       total 229888K, used 229674K [0x00000000c0000000, 0x00000000ce080000, 0x00000000eab00000)
  object space 229888K, 99% used [0x00000000c0000000,0x00000000ce04ab50,0x00000000ce080000)
 Metaspace       used 64113K, committed 65472K, reserved 1114112K
  class space    used 7235K, committed 7808K, reserved 1048576K
}
Event: 16.932 GC heap before
{Heap before GC invocations=244 (full 3):
 PSYoungGen      total 2560K, used 2432K [0x00000000eab00000, 0x00000000eaf00000, 0x0000000100000000)
  eden space 2048K, 100% used [0x00000000eab00000,0x00000000ead00000,0x00000000ead00000)
  from space 512K, 75% used [0x00000000eae80000,0x00000000eaee0000,0x00000000eaf00000)
  to   space 512K, 0% used [0x00000000eae00000,0x00000000eae00000,0x00000000eae80000)
 ParOldGen       total 229888K, used 229674K [0x00000000c0000000, 0x00000000ce080000, 0x00000000eab00000)
  object space 229888K, 99% used [0x00000000c0000000,0x00000000ce04ab50,0x00000000ce080000)
 Metaspace       used 64113K, committed 65472K, reserved 1114112K
  class space    used 7235K, committed 7808K, reserved 1048576K
}
Event: 16.932 GC heap after
{Heap after GC invocations=244 (full 3):
 PSYoungGen      total 2560K, used 433K [0x00000000eab00000, 0x00000000eaf00000, 0x0000000100000000)
  eden space 2048K, 0% used [0x00000000eab00000,0x00000000eab00000,0x00000000ead00000)
  from space 512K, 84% used [0x00000000eae00000,0x00000000eae6c550,0x00000000eae80000)
  to   space 512K, 0% used [0x00000000eae80000,0x00000000eae80000,0x00000000eaf00000)
 ParOldGen       total 230400K, used 229995K [0x00000000c0000000, 0x00000000ce100000, 0x00000000eab00000)
  object space 230400K, 99% used [0x00000000c0000000,0x00000000ce09acf0,0x00000000ce100000)
 Metaspace       used 64113K, committed 65472K, reserved 1114112K
  class space    used 7235K, committed 7808K, reserved 1048576K
}
Event: 16.937 GC heap before
{Heap before GC invocations=245 (full 3):
 PSYoungGen      total 2560K, used 2481K [0x00000000eab00000, 0x00000000eaf00000, 0x0000000100000000)
  eden space 2048K, 100% used [0x00000000eab00000,0x00000000ead00000,0x00000000ead00000)
  from space 512K, 84% used [0x00000000eae00000,0x00000000eae6c550,0x00000000eae80000)
  to   space 512K, 0% used [0x00000000eae80000,0x00000000eae80000,0x00000000eaf00000)
 ParOldGen       total 230400K, used 229995K [0x00000000c0000000, 0x00000000ce100000, 0x00000000eab00000)
  object space 230400K, 99% used [0x00000000c0000000,0x00000000ce09acf0,0x00000000ce100000)
 Metaspace       used 64113K, committed 65472K, reserved 1114112K
  class space    used 7235K, committed 7808K, reserved 1048576K
}
Event: 16.937 GC heap after
{Heap after GC invocations=245 (full 3):
 PSYoungGen      total 2560K, used 448K [0x00000000eab00000, 0x00000000eaf00000, 0x0000000100000000)
  eden space 2048K, 0% used [0x00000000eab00000,0x00000000eab00000,0x00000000ead00000)
  from space 512K, 87% used [0x00000000eae80000,0x00000000eaef0000,0x00000000eaf00000)
  to   space 512K, 0% used [0x00000000eae00000,0x00000000eae00000,0x00000000eae80000)
 ParOldGen       total 230400K, used 230354K [0x00000000c0000000, 0x00000000ce100000, 0x00000000eab00000)
  object space 230400K, 99% used [0x00000000c0000000,0x00000000ce0f4bb8,0x00000000ce100000)
 Metaspace       used 64113K, committed 65472K, reserved 1114112K
  class space    used 7235K, committed 7808K, reserved 1048576K
}
Event: 16.942 GC heap before
{Heap before GC invocations=246 (full 3):
 PSYoungGen      total 2560K, used 2496K [0x00000000eab00000, 0x00000000eaf00000, 0x0000000100000000)
  eden space 2048K, 100% used [0x00000000eab00000,0x00000000ead00000,0x00000000ead00000)
  from space 512K, 87% used [0x00000000eae80000,0x00000000eaef0000,0x00000000eaf00000)
  to   space 512K, 0% used [0x00000000eae00000,0x00000000eae00000,0x00000000eae80000)
 ParOldGen       total 230400K, used 230354K [0x00000000c0000000, 0x00000000ce100000, 0x00000000eab00000)
  object space 230400K, 99% used [0x00000000c0000000,0x00000000ce0f4bb8,0x00000000ce100000)
 Metaspace       used 64113K, committed 65472K, reserved 1114112K
  class space    used 7235K, committed 7808K, reserved 1048576K
}
Event: 16.944 GC heap after
{Heap after GC invocations=246 (full 3):
 PSYoungGen      total 2560K, used 476K [0x00000000eab00000, 0x00000000eaf00000, 0x0000000100000000)
  eden space 2048K, 0% used [0x00000000eab00000,0x00000000eab00000,0x00000000ead00000)
  from space 512K, 93% used [0x00000000eae00000,0x00000000eae77128,0x00000000eae80000)
  to   space 512K, 0% used [0x00000000eae80000,0x00000000eae80000,0x00000000eaf00000)
 ParOldGen       total 230912K, used 230682K [0x00000000c0000000, 0x00000000ce180000, 0x00000000eab00000)
  object space 230912K, 99% used [0x00000000c0000000,0x00000000ce146910,0x00000000ce180000)
 Metaspace       used 64113K, committed 65472K, reserved 1114112K
  class space    used 7235K, committed 7808K, reserved 1048576K
}
Event: 16.951 GC heap before
{Heap before GC invocations=247 (full 3):
 PSYoungGen      total 2560K, used 2524K [0x00000000eab00000, 0x00000000eaf00000, 0x0000000100000000)
  eden space 2048K, 100% used [0x00000000eab00000,0x00000000ead00000,0x00000000ead00000)
  from space 512K, 93% used [0x00000000eae00000,0x00000000eae77128,0x00000000eae80000)
  to   space 512K, 0% used [0x00000000eae80000,0x00000000eae80000,0x00000000eaf00000)
 ParOldGen       total 230912K, used 230682K [0x00000000c0000000, 0x00000000ce180000, 0x00000000eab00000)
  object space 230912K, 99% used [0x00000000c0000000,0x00000000ce146910,0x00000000ce180000)
 Metaspace       used 64113K, committed 65472K, reserved 1114112K
  class space    used 7235K, committed 7808K, reserved 1048576K
}
Event: 16.953 GC heap after
{Heap after GC invocations=247 (full 3):
 PSYoungGen      total 2560K, used 2524K [0x00000000eab00000, 0x00000000eaf00000, 0x0000000100000000)
  eden space 2048K, 100% used [0x00000000eab00000,0x00000000ead00000,0x00000000ead00000)
  from space 512K, 93% used [0x00000000eae00000,0x00000000eae77128,0x00000000eae80000)
  to   space 512K, 75% used [0x00000000eae80000,0x00000000eaee0000,0x00000000eaf00000)
 ParOldGen       total 231424K, used 231018K [0x00000000c0000000, 0x00000000ce200000, 0x00000000eab00000)
  object space 231424K, 99% used [0x00000000c0000000,0x00000000ce19aa88,0x00000000ce200000)
 Metaspace       used 64113K, committed 65472K, reserved 1114112K
  class space    used 7235K, committed 7808K, reserved 1048576K
}
Event: 16.953 GC heap before
{Heap before GC invocations=248 (full 4):
 PSYoungGen      total 2560K, used 2524K [0x00000000eab00000, 0x00000000eaf00000, 0x0000000100000000)
  eden space 2048K, 100% used [0x00000000eab00000,0x00000000ead00000,0x00000000ead00000)
  from space 512K, 93% used [0x00000000eae00000,0x00000000eae77128,0x00000000eae80000)
  to   space 512K, 75% used [0x00000000eae80000,0x00000000eaee0000,0x00000000eaf00000)
 ParOldGen       total 231424K, used 231018K [0x00000000c0000000, 0x00000000ce200000, 0x00000000eab00000)
  object space 231424K, 99% used [0x00000000c0000000,0x00000000ce19aa88,0x00000000ce200000)
 Metaspace       used 64113K, committed 65472K, reserved 1114112K
  class space    used 7235K, committed 7808K, reserved 1048576K
}

